This is the log file for automated mcce 2 
input directory:/home/aduboy/PROT_SNASE/PDBtoRunLIST 
 dest directory:/home/aduboy/PROT_SNASE/QUICK 
 mcce directory:/home/mcce/mcce2.5.1/
Doing mcee_results_2OEO_nw
Doing mcee_results_5JAV_nw
Doing mcee_results_1U9R_nw
Doing mcee_results_3D4D_nw
Doing mcee_results_2SNM_nw
Doing mcee_results_1TQO_nw
Doing mcee_results_2OXP_nw
Doing mcee_results_3D6C_nw
Doing mcee_results_5J1Z_nw
Doing mcee_results_3ERO_nw
Doing mcee_results_5I6W_nw
Doing mcee_results_3EVQ_nw
Doing mcee_results_1TR5_nw
Doing mcee_results_5J22_nw
in load params
	we are in load edit params
	we are in runprm
	we are in load params
	we are in load edit params
	we are in runprm
	we are in load params
	we are in load edit params
	we are in runprm
	we are in load params
	we are in load edit params
	we are in runprm
	we are in load params
	we are in load edit params
	we are in runprm
	we are in load params
	we are in load edit params
	we are in runprm
